<?xml version="1.0" encoding="UTF-8"?>
<!-- Generated by org.testng.reporters.JUnitReportReporter -->
<testsuite skipped="0" hostname="DESKTOP-PEK5UDU" name="com.qa.tests.WeatherShopperTest" tests="1" failures="0" timestamp="2021-12-04T22:04:58 IST" time="25.492" errors="0">
  <testcase name="weatherShopping1" time="25.492" classname="com.qa.tests.WeatherShopperTest"/>
  <system-out/>
</testsuite> <!-- com.qa.tests.WeatherShopperTest -->
